<?xml version="1.0" encoding="UTF-8"?>
<!-- Generated by org.testng.reporters.JUnitReportReporter -->
<testsuite skipped="0" hostname="Alexanders-MBP" name="ui_tests.LoginTests" tests="1" failures="0" timestamp="2020-07-28T21:38:46 BST" time="1.906" errors="0">
  <testcase name="successfulLoginTest" time="1.906" classname="ui_tests.LoginTests"/>
  <system-out/>
</testsuite> <!-- ui_tests.LoginTests -->
